<?xml version="1.0" encoding="UTF-8"?>
<testng-results ignored="0" total="2" passed="2" failed="0" skipped="0">
  <reporter-output>
  </reporter-output>
  <suite started-at="2024-01-30T09:47:01 IST" name="Default suite" finished-at="2024-01-30T09:47:45 IST" duration-ms="44274">
    <groups>
    </groups>
    <test started-at="2024-01-30T09:47:01 IST" name="Default test" finished-at="2024-01-30T09:47:45 IST" duration-ms="44274">
      <class name="TestLayer.OneWayTrip">
        <test-method is-config="true" signature="setUp()[pri:0, instance:TestLayer.OneWayTrip@4d154ccd]" started-at="2024-01-30T09:47:01 IST" name="setUp" finished-at="2024-01-30T09:47:13 IST" duration-ms="12757" status="PASS">
          <reporter-output>
          </reporter-output>
        </test-method> <!-- setUp -->
        <test-method signature="VerifyLogo()[pri:1, instance:TestLayer.OneWayTrip@4d154ccd]" started-at="2024-01-30T09:47:13 IST" name="VerifyLogo" finished-at="2024-01-30T09:47:14 IST" duration-ms="370" status="PASS">
          <reporter-output>
          </reporter-output>
        </test-method> <!-- VerifyLogo -->
        <test-method is-config="true" signature="tearDown()[pri:0, instance:TestLayer.OneWayTrip@4d154ccd]" started-at="2024-01-30T09:47:14 IST" name="tearDown" finished-at="2024-01-30T09:47:18 IST" duration-ms="4300" status="PASS">
          <reporter-output>
          </reporter-output>
        </test-method> <!-- tearDown -->
        <test-method is-config="true" signature="setUp()[pri:0, instance:TestLayer.OneWayTrip@4d154ccd]" started-at="2024-01-30T09:47:18 IST" name="setUp" finished-at="2024-01-30T09:47:37 IST" duration-ms="18597" status="PASS">
          <reporter-output>
          </reporter-output>
        </test-method> <!-- setUp -->
        <test-method signature="selTrip()[pri:2, instance:TestLayer.OneWayTrip@4d154ccd]" started-at="2024-01-30T09:47:37 IST" name="selTrip" finished-at="2024-01-30T09:47:41 IST" duration-ms="3876" status="PASS">
          <reporter-output>
          </reporter-output>
        </test-method> <!-- selTrip -->
        <test-method is-config="true" signature="tearDown()[pri:0, instance:TestLayer.OneWayTrip@4d154ccd]" started-at="2024-01-30T09:47:41 IST" name="tearDown" finished-at="2024-01-30T09:47:45 IST" duration-ms="4280" status="PASS">
          <reporter-output>
          </reporter-output>
        </test-method> <!-- tearDown -->
      </class> <!-- TestLayer.OneWayTrip -->
    </test> <!-- Default test -->
  </suite> <!-- Default suite -->
</testng-results>
